<?xml version="1.0" encoding="UTF-8"?>
<testng-results ignored="0" total="1" passed="1" failed="0" skipped="0">
  <reporter-output>
  </reporter-output>
  <suite started-at="2020-11-23T11:26:35 IST" name="Default suite" finished-at="2020-11-23T11:26:40 IST" duration-ms="5749">
    <groups>
    </groups>
    <test started-at="2020-11-23T11:26:35 IST" name="Default test" finished-at="2020-11-23T11:26:40 IST" duration-ms="5749">
      <class name="demoProg.FirstDemo">
        <test-method is-config="true" signature="openbrowser()[pri:0, instance:demoProg.FirstDemo@60015ef5]" started-at="2020-11-23T11:26:35 IST" name="openbrowser" finished-at="2020-11-23T11:26:38 IST" duration-ms="3294" status="PASS">
          <reporter-output>
          </reporter-output>
        </test-method> <!-- openbrowser -->
        <test-method signature="openbrowser()[pri:0, instance:demoProg.FirstDemo@60015ef5]" started-at="2020-11-23T11:26:38 IST" name="openbrowser" finished-at="2020-11-23T11:26:40 IST" duration-ms="2439" status="PASS">
          <reporter-output>
          </reporter-output>
        </test-method> <!-- openbrowser -->
      </class> <!-- demoProg.FirstDemo -->
    </test> <!-- Default test -->
  </suite> <!-- Default suite -->
</testng-results>
